<?xml version="1.0" encoding="UTF-8"?>
<!-- Generated by org.testng.reporters.JUnitReportReporter -->
<testsuite hostname="DESKTOP-L5SEERM" failures="0" tests="5" name="HelperAttribute.LearningInvocationCount" time="59.830" errors="0" timestamp="2024-07-02T10:19:50 BST" skipped="0">
  <testcase classname="HelperAttribute.LearningInvocationCount" name="Launch" time="11.487"/>
  <system-out/>
  <testcase classname="HelperAttribute.LearningInvocationCount" name="Demo" time="0.005"/>
  <system-out>
    <![CDATA[testng]]>
  </system-out>
  <testcase classname="HelperAttribute.LearningInvocationCount" name="Launch" time="14.033"/>
  <system-out/>
  <testcase classname="HelperAttribute.LearningInvocationCount" name="Launch" time="34.248"/>
  <system-out/>
  <testcase classname="HelperAttribute.LearningInvocationCount" name="Demo" time="0.057"/>
  <system-out>
    <![CDATA[testng]]>
  </system-out>
</testsuite> <!-- HelperAttribute.LearningInvocationCount -->
