<?xml version="1.0" encoding="UTF-8"?>
<!-- Generated by org.testng.reporters.JUnitReportReporter -->
<testsuite hostname="DESKTOP-L5SEERM" failures="0" tests="3" name="HelperAttribute.LearningDependsOnMethod" time="0.095" errors="0" timestamp="2024-07-02T11:32:14 BST" skipped="0">
  <testcase classname="HelperAttribute.LearningDependsOnMethod" name="login" time="0.077"/>
  <system-out>
    <![CDATA[User has login the application]]>
  </system-out>
  <testcase classname="HelperAttribute.LearningDependsOnMethod" name="addcart" time="0.010"/>
  <system-out>
    <![CDATA[User has added product to cart]]>
  </system-out>
  <testcase classname="HelperAttribute.LearningDependsOnMethod" name="logout" time="0.008"/>
  <system-out>
    <![CDATA[User has logout the application]]>
  </system-out>
</testsuite> <!-- HelperAttribute.LearningDependsOnMethod -->
