<?xml version="1.0" encoding="UTF-8"?>
<!-- Generated by org.testng.reporters.JUnitReportReporter -->
<testsuite hostname="DESKTOP-L5SEERM" failures="0" tests="3" name="HelperAttribute.LearningThreadPoolSize" time="84.126" errors="0" timestamp="2024-07-02T10:44:06 BST" skipped="0">
  <testcase classname="HelperAttribute.LearningThreadPoolSize" name="Launch" time="27.712"/>
  <system-out/>
  <testcase classname="HelperAttribute.LearningThreadPoolSize" name="Launch" time="28.265"/>
  <system-out/>
  <testcase classname="HelperAttribute.LearningThreadPoolSize" name="Launch" time="28.149"/>
  <system-out/>
</testsuite> <!-- HelperAttribute.LearningThreadPoolSize -->
