<?xml version="1.0" encoding="UTF-8"?>
<!-- Generated by org.testng.reporters.JUnitReportReporter -->
<testsuite hostname="DESKTOP-L5SEERM" failures="0" tests="2" name="Testngtopic.DataProviderProgram" time="0.053" errors="0" timestamp="2024-07-09T11:42:59 BST" skipped="0">
  <testcase classname="Testngtopic.DataProviderProgram" name="Details" time="0.046"/>
  <system-out>
    <![CDATA[Raghav
A+
raghav@gmail.com]]>
  </system-out>
  <testcase classname="Testngtopic.DataProviderProgram" name="Details" time="0.007"/>
  <system-out>
    <![CDATA[lavanya
O+
lavanya2gmail.com]]>
  </system-out>
</testsuite> <!-- Testngtopic.DataProviderProgram -->
